<?xml version="1.0" encoding="UTF-8"?>
<!-- Generated by org.testng.reporters.JUnitXMLReporter -->
<testsuite hostname="naveenautomationlabss-MacBook-Pro.local" ignored="0" name="GoRest Test" tests="9" failures="0" timestamp="2023-08-03T12:42:41 IST" time="23.072" errors="0">
  <testcase name="createUserTest" time="4.022" classname="com.qa.api.tests.GoRestTest"/>
  <testcase name="createUserTest" time="2.584" classname="com.qa.api.tests.GoRestTest"/>
  <testcase name="createUserTest" time="2.803" classname="com.qa.api.tests.GoRestTest"/>
  <testcase name="createUserWithBuiderTest" time="2.455" classname="com.qa.api.tests.GoRestTest"/>
  <testcase name="deleteUserTest" time="3.437" classname="com.qa.api.tests.GoRestTest"/>
  <testcase name="getAllUsersTest" time="1.371" classname="com.qa.api.tests.GoRestTest"/>
  <testcase name="getUsersTest" time="0.938" classname="com.qa.api.tests.GoRestTest"/>
  <testcase name="getUsersWithQueryTest" time="1.008" classname="com.qa.api.tests.GoRestTest"/>
  <testcase name="updateUserTest" time="3.997" classname="com.qa.api.tests.GoRestTest"/>
</testsuite> <!-- GoRest Test -->
