<?xml version="1.0" encoding="UTF-8"?>
<!-- Generated by org.testng.reporters.JUnitXMLReporter -->
<testsuite hostname="naveenautomationlabss-MacBook-Pro.local" ignored="6" name="Default test" tests="1" failures="0" timestamp="2023-07-31T18:42:56 IST" time="2.319" errors="0">
  <testcase name="getUsersTest" time="1.938" classname="com.qa.api.tests.GetUserTest"/>
  <testcase name="createUserWithBuiderTest" time="0.0" classname="com.qa.api.tests.GetUserTest">
    <ignored/>
  </testcase> <!-- createUserWithBuiderTest -->
  <testcase name="getAllUsersTest" time="0.0" classname="com.qa.api.tests.GetUserTest">
    <ignored/>
  </testcase> <!-- getAllUsersTest -->
  <testcase name="deleteUserTest" time="0.0" classname="com.qa.api.tests.GetUserTest">
    <ignored/>
  </testcase> <!-- deleteUserTest -->
  <testcase name="updateUserTest" time="0.0" classname="com.qa.api.tests.GetUserTest">
    <ignored/>
  </testcase> <!-- updateUserTest -->
  <testcase name="createUserTest" time="0.0" classname="com.qa.api.tests.GetUserTest">
    <ignored/>
  </testcase> <!-- createUserTest -->
  <testcase name="getUsersWithQueryTest" time="0.0" classname="com.qa.api.tests.GetUserTest">
    <ignored/>
  </testcase> <!-- getUsersWithQueryTest -->
</testsuite> <!-- Default test -->
