<?xml version="1.0" encoding="UTF-8"?>
<!-- Generated by org.testng.reporters.JUnitXMLReporter -->
<testsuite ignored="0" hostname="naveenautomationlabss-MacBook-Pro.local" failures="0" tests="9" name="GoRest Test" time="18.083" errors="0" timestamp="2023-08-03T12:45:52 IST">
  <testcase classname="com.qa.api.tests.GoRestTest" name="createUserTest" time="3.223"/>
  <testcase classname="com.qa.api.tests.GoRestTest" name="createUserTest" time="1.913"/>
  <testcase classname="com.qa.api.tests.GoRestTest" name="createUserTest" time="1.986"/>
  <testcase classname="com.qa.api.tests.GoRestTest" name="createUserWithBuiderTest" time="2.001"/>
  <testcase classname="com.qa.api.tests.GoRestTest" name="deleteUserTest" time="2.714"/>
  <testcase classname="com.qa.api.tests.GoRestTest" name="getAllUsersTest" time="0.762"/>
  <testcase classname="com.qa.api.tests.GoRestTest" name="getUsersTest" time="0.945"/>
  <testcase classname="com.qa.api.tests.GoRestTest" name="getUsersWithQueryTest" time="0.962"/>
  <testcase classname="com.qa.api.tests.GoRestTest" name="updateUserTest" time="3.002"/>
</testsuite> <!-- GoRest Test -->
