<?xml version="1.0" encoding="UTF-8"?>
<testsuite xmlns:xsi="http://www.w3.org/2001/XMLSchema-instance" xsi:noNamespaceSchemaLocation="https://maven.apache.org/surefire/maven-surefire-plugin/xsd/surefire-test-report.xsd" name="TestSuite" time="23.824" tests="14" errors="0" skipped="0" failures="0">
  <properties>
[...]
</properties>
  <testcase name="createUserTest" classname="com.qa.api.tests.GoRestTest" time="3.221"/>
  <testcase name="createUserTest" classname="com.qa.api.tests.GoRestTest" time="1.912"/>
  <testcase name="createUserTest" classname="com.qa.api.tests.GoRestTest" time="1.987"/>
  <testcase name="createUserWithBuiderTest" classname="com.qa.api.tests.GoRestTest" time="2"/>
  <testcase name="deleteUserTest" classname="com.qa.api.tests.GoRestTest" time="2.715"/>
  <testcase name="getAllUsersTest" classname="com.qa.api.tests.GoRestTest" time="0.761"/>
  <testcase name="getUsersTest" classname="com.qa.api.tests.GoRestTest" time="0.945"/>
  <testcase name="getUsersWithQueryTest" classname="com.qa.api.tests.GoRestTest" time="0.963"/>
  <testcase name="updateUserTest" classname="com.qa.api.tests.GoRestTest" time="3.002"/>
  <testcase name="createProduct" classname="com.qa.api.tests.ProductAPITest" time="0.671"/>
  <testcase name="getProductTest" classname="com.qa.api.tests.ProductAPITest" time="0.692"/>
  <testcase name="getFlightInfoTest" classname="com.qa.api.tests.AmadeusFlightAPITest" time="2.109"/>
  <testcase name="getReqResUserTest" classname="com.qa.api.tests.ReqResTest" time="0.154"/>
  <testcase name="getYearCircuitTest" classname="com.qa.api.tests.CiruitTest" time="0.361"/>
</testsuite>