<?xml version="1.0" encoding="UTF-8"?>
<testng-results ignored="0" total="14" passed="14" failed="0" skipped="0">
  <reporter-output>
  </reporter-output>
  <suite started-at="2023-08-03T12:45:34 IST" name="TestNG Regression Suite" finished-at="2023-08-03T12:45:57 IST" duration-ms="23125">
    <groups>
    </groups>
    <test started-at="2023-08-03T12:45:34 IST" name="GoRest Test" finished-at="2023-08-03T12:45:52 IST" duration-ms="18083">
      <class name="com.qa.api.tests.GoRestTest">
        <test-method is-config="true" signature="setup(java.lang.String)[pri:0, instance:com.qa.api.tests.GoRestTest@2dca0d64]" started-at="2023-08-03T12:45:34 IST" name="setup" finished-at="2023-08-03T12:45:35 IST" duration-ms="485" status="PASS">
          <params>
            <param index="0">
              <value>
                <![CDATA[https://gorest.co.in]]>
              </value>
            </param>
          </params>
          <reporter-output>
          </reporter-output>
        </test-method> <!-- setup -->
        <test-method signature="createUserTest(java.lang.String, java.lang.String, java.lang.String)[pri:0, instance:com.qa.api.tests.GoRestTest@2dca0d64]" started-at="2023-08-03T12:45:35 IST" name="createUserTest" data-provider="getUserData" finished-at="2023-08-03T12:45:38 IST" duration-ms="3223" status="PASS">
          <params>
            <param index="0">
              <value>
                <![CDATA[naveen]]>
              </value>
            </param>
            <param index="1">
              <value>
                <![CDATA[male]]>
              </value>
            </param>
            <param index="2">
              <value>
                <![CDATA[active]]>
              </value>
            </param>
          </params>
          <reporter-output>
          </reporter-output>
        </test-method> <!-- createUserTest -->
        <test-method signature="createUserTest(java.lang.String, java.lang.String, java.lang.String)[pri:0, instance:com.qa.api.tests.GoRestTest@2dca0d64]" started-at="2023-08-03T12:45:38 IST" name="createUserTest" data-provider="getUserData" finished-at="2023-08-03T12:45:40 IST" duration-ms="1913" status="PASS">
          <params>
            <param index="0">
              <value>
                <![CDATA[tom]]>
              </value>
            </param>
            <param index="1">
              <value>
                <![CDATA[male]]>
              </value>
            </param>
            <param index="2">
              <value>
                <![CDATA[inactive]]>
              </value>
            </param>
          </params>
          <reporter-output>
          </reporter-output>
        </test-method> <!-- createUserTest -->
        <test-method signature="createUserTest(java.lang.String, java.lang.String, java.lang.String)[pri:0, instance:com.qa.api.tests.GoRestTest@2dca0d64]" started-at="2023-08-03T12:45:40 IST" name="createUserTest" data-provider="getUserData" finished-at="2023-08-03T12:45:42 IST" duration-ms="1986" status="PASS">
          <params>
            <param index="0">
              <value>
                <![CDATA[lisa]]>
              </value>
            </param>
            <param index="1">
              <value>
                <![CDATA[female]]>
              </value>
            </param>
            <param index="2">
              <value>
                <![CDATA[active]]>
              </value>
            </param>
          </params>
          <reporter-output>
          </reporter-output>
        </test-method> <!-- createUserTest -->
        <test-method signature="createUserWithBuiderTest()[pri:0, instance:com.qa.api.tests.GoRestTest@2dca0d64]" started-at="2023-08-03T12:45:42 IST" name="createUserWithBuiderTest" finished-at="2023-08-03T12:45:44 IST" duration-ms="2001" status="PASS">
          <reporter-output>
          </reporter-output>
        </test-method> <!-- createUserWithBuiderTest -->
        <test-method signature="deleteUserTest()[pri:0, instance:com.qa.api.tests.GoRestTest@2dca0d64]" started-at="2023-08-03T12:45:44 IST" name="deleteUserTest" finished-at="2023-08-03T12:45:47 IST" duration-ms="2714" status="PASS">
          <reporter-output>
          </reporter-output>
        </test-method> <!-- deleteUserTest -->
        <test-method signature="getAllUsersTest()[pri:0, instance:com.qa.api.tests.GoRestTest@2dca0d64]" started-at="2023-08-03T12:45:47 IST" name="getAllUsersTest" finished-at="2023-08-03T12:45:47 IST" duration-ms="762" status="PASS">
          <reporter-output>
          </reporter-output>
        </test-method> <!-- getAllUsersTest -->
        <test-method signature="getUsersTest()[pri:0, instance:com.qa.api.tests.GoRestTest@2dca0d64]" started-at="2023-08-03T12:45:47 IST" name="getUsersTest" finished-at="2023-08-03T12:45:48 IST" duration-ms="945" status="PASS">
          <reporter-output>
          </reporter-output>
        </test-method> <!-- getUsersTest -->
        <test-method signature="getUsersWithQueryTest()[pri:0, instance:com.qa.api.tests.GoRestTest@2dca0d64]" started-at="2023-08-03T12:45:48 IST" name="getUsersWithQueryTest" finished-at="2023-08-03T12:45:49 IST" duration-ms="962" status="PASS">
          <reporter-output>
          </reporter-output>
        </test-method> <!-- getUsersWithQueryTest -->
        <test-method signature="updateUserTest()[pri:0, instance:com.qa.api.tests.GoRestTest@2dca0d64]" started-at="2023-08-03T12:45:49 IST" name="updateUserTest" finished-at="2023-08-03T12:45:52 IST" duration-ms="3002" status="PASS">
          <reporter-output>
          </reporter-output>
        </test-method> <!-- updateUserTest -->
      </class> <!-- com.qa.api.tests.GoRestTest -->
    </test> <!-- GoRest Test -->
    <test started-at="2023-08-03T12:45:52 IST" name="Product Test" finished-at="2023-08-03T12:45:54 IST" duration-ms="1364">
      <class name="com.qa.api.tests.ProductAPITest">
        <test-method is-config="true" signature="setup(java.lang.String)[pri:0, instance:com.qa.api.tests.ProductAPITest@5f9678e1]" started-at="2023-08-03T12:45:52 IST" name="setup" finished-at="2023-08-03T12:45:52 IST" duration-ms="0" status="PASS">
          <params>
            <param index="0">
              <value>
                <![CDATA[https://fakestoreapi.com]]>
              </value>
            </param>
          </params>
          <reporter-output>
          </reporter-output>
        </test-method> <!-- setup -->
        <test-method signature="createProduct()[pri:0, instance:com.qa.api.tests.ProductAPITest@5f9678e1]" started-at="2023-08-03T12:45:52 IST" name="createProduct" finished-at="2023-08-03T12:45:53 IST" duration-ms="671" status="PASS">
          <reporter-output>
          </reporter-output>
        </test-method> <!-- createProduct -->
        <test-method signature="getProductTest()[pri:0, instance:com.qa.api.tests.ProductAPITest@5f9678e1]" started-at="2023-08-03T12:45:53 IST" name="getProductTest" finished-at="2023-08-03T12:45:54 IST" duration-ms="690" status="PASS">
          <reporter-output>
          </reporter-output>
        </test-method> <!-- getProductTest -->
      </class> <!-- com.qa.api.tests.ProductAPITest -->
    </test> <!-- Product Test -->
    <test started-at="2023-08-03T12:45:54 IST" name="Amadeus Flight Booking Test" finished-at="2023-08-03T12:45:57 IST" duration-ms="2960">
      <class name="com.qa.api.tests.AmadeusFlightAPITest">
        <test-method is-config="true" signature="setup(java.lang.String)[pri:0, instance:com.qa.api.tests.AmadeusFlightAPITest@31d0e481]" started-at="2023-08-03T12:45:54 IST" name="setup" finished-at="2023-08-03T12:45:54 IST" duration-ms="1" status="PASS">
          <params>
            <param index="0">
              <value>
                <![CDATA[https://test.api.amadeus.com]]>
              </value>
            </param>
          </params>
          <reporter-output>
          </reporter-output>
        </test-method> <!-- setup -->
        <test-method is-config="true" signature="setup(java.lang.String, java.lang.String, java.lang.String, java.lang.String)[pri:0, instance:com.qa.api.tests.AmadeusFlightAPITest@31d0e481]" started-at="2023-08-03T12:45:54 IST" name="setup" finished-at="2023-08-03T12:45:55 IST" duration-ms="848" status="PASS">
          <params>
            <param index="0">
              <value>
                <![CDATA[https://test.api.amadeus.com]]>
              </value>
            </param>
            <param index="1">
              <value>
                <![CDATA[TAnRnsU5lASXZ8mPGdwRQZMoQzhu6Gwv]]>
              </value>
            </param>
            <param index="2">
              <value>
                <![CDATA[VjjgfcJilNAzcSJw]]>
              </value>
            </param>
            <param index="3">
              <value>
                <![CDATA[client_credentials]]>
              </value>
            </param>
          </params>
          <reporter-output>
          </reporter-output>
        </test-method> <!-- setup -->
        <test-method signature="getFlightInfoTest()[pri:0, instance:com.qa.api.tests.AmadeusFlightAPITest@31d0e481]" started-at="2023-08-03T12:45:55 IST" name="getFlightInfoTest" finished-at="2023-08-03T12:45:57 IST" duration-ms="2108" status="PASS">
          <reporter-output>
          </reporter-output>
        </test-method> <!-- getFlightInfoTest -->
      </class> <!-- com.qa.api.tests.AmadeusFlightAPITest -->
    </test> <!-- Amadeus Flight Booking Test -->
    <test started-at="2023-08-03T12:45:57 IST" name="ReqRes Test" finished-at="2023-08-03T12:45:57 IST" duration-ms="156">
      <class name="com.qa.api.tests.ReqResTest">
        <test-method is-config="true" signature="setup(java.lang.String)[pri:0, instance:com.qa.api.tests.ReqResTest@3b00856b]" started-at="2023-08-03T12:45:57 IST" name="setup" finished-at="2023-08-03T12:45:57 IST" duration-ms="0" status="PASS">
          <params>
            <param index="0">
              <value>
                <![CDATA[https://reqres.in]]>
              </value>
            </param>
          </params>
          <reporter-output>
          </reporter-output>
        </test-method> <!-- setup -->
        <test-method signature="getReqResUserTest()[pri:0, instance:com.qa.api.tests.ReqResTest@3b00856b]" started-at="2023-08-03T12:45:57 IST" name="getReqResUserTest" finished-at="2023-08-03T12:45:57 IST" duration-ms="154" status="PASS">
          <reporter-output>
          </reporter-output>
        </test-method> <!-- getReqResUserTest -->
      </class> <!-- com.qa.api.tests.ReqResTest -->
    </test> <!-- ReqRes Test -->
    <test started-at="2023-08-03T12:45:57 IST" name="Circuit Test" finished-at="2023-08-03T12:45:57 IST" duration-ms="362">
      <class name="com.qa.api.tests.CiruitTest">
        <test-method is-config="true" signature="setup(java.lang.String)[pri:0, instance:com.qa.api.tests.CiruitTest@42463763]" started-at="2023-08-03T12:45:57 IST" name="setup" finished-at="2023-08-03T12:45:57 IST" duration-ms="1" status="PASS">
          <params>
            <param index="0">
              <value>
                <![CDATA[http://ergast.com]]>
              </value>
            </param>
          </params>
          <reporter-output>
          </reporter-output>
        </test-method> <!-- setup -->
        <test-method signature="getYearCircuitTest()[pri:0, instance:com.qa.api.tests.CiruitTest@42463763]" started-at="2023-08-03T12:45:57 IST" name="getYearCircuitTest" finished-at="2023-08-03T12:45:57 IST" duration-ms="360" status="PASS">
          <reporter-output>
          </reporter-output>
        </test-method> <!-- getYearCircuitTest -->
      </class> <!-- com.qa.api.tests.CiruitTest -->
    </test> <!-- Circuit Test -->
  </suite> <!-- TestNG Regression Suite -->
</testng-results>
