<?xml version="1.0" encoding="UTF-8"?>
<testng-results skipped="0" failed="0" ignored="6" total="7" passed="1">
  <reporter-output>
  </reporter-output>
  <suite name="Default suite" duration-ms="2319" started-at="2023-07-31T18:42:53 IST" finished-at="2023-07-31T18:42:56 IST">
    <groups>
    </groups>
    <test name="Default test" duration-ms="2319" started-at="2023-07-31T18:42:53 IST" finished-at="2023-07-31T18:42:56 IST">
      <class name="com.qa.api.tests.GetUserTest">
        <test-method status="PASS" signature="setup()[pri:0, instance:com.qa.api.tests.GetUserTest@7f552bd3]" name="setup" is-config="true" duration-ms="317" started-at="2023-07-31T18:42:53 IST" finished-at="2023-07-31T18:42:54 IST">
          <reporter-output>
          </reporter-output>
        </test-method> <!-- setup -->
        <test-method status="PASS" signature="getUsersTest()[pri:0, instance:com.qa.api.tests.GetUserTest@7f552bd3]" name="getUsersTest" duration-ms="1938" started-at="2023-07-31T18:42:54 IST" finished-at="2023-07-31T18:42:55 IST">
          <reporter-output>
          </reporter-output>
        </test-method> <!-- getUsersTest -->
      </class> <!-- com.qa.api.tests.GetUserTest -->
    </test> <!-- Default test -->
  </suite> <!-- Default suite -->
</testng-results>
